<?xml version="1.0" encoding="UTF-8"?>
<testng-results ignored="0" total="1" passed="1" failed="0" skipped="0">
  <reporter-output>
  </reporter-output>
  <suite started-at="2023-02-16T12:49:22 CST" name="Default suite" finished-at="2023-02-16T12:49:24 CST" duration-ms="2308">
    <groups>
    </groups>
    <test started-at="2023-02-16T12:49:22 CST" name="Default test" finished-at="2023-02-16T12:49:24 CST" duration-ms="2308">
      <class name="SumValidation">
        <test-method signature="sumOfCourses()[pri:0, instance:SumValidation@1b1426f4]" started-at="2023-02-16T12:49:22 CST" name="sumOfCourses" finished-at="2023-02-16T12:49:24 CST" duration-ms="2233" status="PASS">
          <reporter-output>
          </reporter-output>
        </test-method> <!-- sumOfCourses -->
      </class> <!-- SumValidation -->
    </test> <!-- Default test -->
  </suite> <!-- Default suite -->
</testng-results>
